<?xml version="1.0" encoding="UTF-8"?>
<testsuite name="com.example.demo.DemoApplicationTests" tests="1" skipped="0" failures="0" errors="0" timestamp="2026-03-09T00:34:45.062Z" hostname="DESKTOP-TO010AT" time="4.576">
  <properties/>
  <testcase name="contextLoads()" classname="com.example.demo.DemoApplicationTests" time="0.274"/>
  <system-out><![CDATA[01:34:45.236 [Test worker] INFO org.springframework.test.context.support.AnnotationConfigContextLoaderUtils -- Could not detect default configuration classes for test class [com.example.demo.DemoApplicationTests]: DemoApplicationTests does not declare any static, non-private, non-final, nested classes annotated with @Configuration.
01:34:45.328 [Test worker] INFO org.springframework.boot.test.context.SpringBootTestContextBootstrapper -- Found @SpringBootConfiguration com.example.demo.Main for test class com.example.demo.DemoApplicationTests

  .   ____          _            __ _ _
 /\\ / ___'_ __ _ _(_)_ __  __ _ \ \ \ \
( ( )\___ | '_ | '_| | '_ \/ _` | \ \ \ \
 \\/  ___)| |_)| | | | | || (_| |  ) ) ) )
  '  |____| .__|_| |_|_| |_\__, | / / / /
 =========|_|==============|___/=/_/_/_/

 :: Spring Boot ::                (v4.0.3)

2026-03-09T01:34:45.700+01:00  INFO 8712 --- [    Test worker] com.example.demo.DemoApplicationTests    : Starting DemoApplicationTests using Java 21.0.10 with PID 8712 (started by Admin in C:\Users\Admin\Desktop\kybel)
2026-03-09T01:34:45.701+01:00  INFO 8712 --- [    Test worker] com.example.demo.DemoApplicationTests    : No active profile set, falling back to 1 default profile: "default"
2026-03-09T01:34:46.322+01:00  INFO 8712 --- [    Test worker] .s.d.r.c.RepositoryConfigurationDelegate : Bootstrapping Spring Data JPA repositories in DEFAULT mode.
2026-03-09T01:34:46.373+01:00  INFO 8712 --- [    Test worker] .s.d.r.c.RepositoryConfigurationDelegate : Finished Spring Data repository scanning in 39 ms. Found 5 JPA repository interfaces.
2026-03-09T01:34:46.658+01:00  INFO 8712 --- [    Test worker] com.zaxxer.hikari.HikariDataSource       : HikariPool-1 - Starting...
2026-03-09T01:34:46.832+01:00  INFO 8712 --- [    Test worker] com.zaxxer.hikari.pool.HikariPool        : HikariPool-1 - Added connection conn0: url=jdbc:h2:mem:testdb user=SA
2026-03-09T01:34:46.833+01:00  INFO 8712 --- [    Test worker] com.zaxxer.hikari.HikariDataSource       : HikariPool-1 - Start completed.
2026-03-09T01:34:47.024+01:00  INFO 8712 --- [    Test worker] org.hibernate.orm.jpa                    : HHH008540: Processing PersistenceUnitInfo [name: default]
2026-03-09T01:34:47.138+01:00  INFO 8712 --- [    Test worker] org.hibernate.orm.core                   : HHH000001: Hibernate ORM core version 7.2.4.Final
2026-03-09T01:34:47.614+01:00  INFO 8712 --- [    Test worker] o.s.o.j.p.SpringPersistenceUnitInfo      : No LoadTimeWeaver setup: ignoring JPA class transformer
2026-03-09T01:34:47.663+01:00  WARN 8712 --- [    Test worker] org.hibernate.orm.deprecation            : HHH90000025: H2Dialect does not need to be specified explicitly using 'hibernate.dialect' (remove the property setting and it will be selected by default)
2026-03-09T01:34:47.676+01:00  INFO 8712 --- [    Test worker] org.hibernate.orm.connections.pooling    : HHH10001005: Database info:
	Database JDBC URL [jdbc:h2:mem:testdb]
	Database driver: H2 JDBC Driver
	Database dialect: H2Dialect
	Database version: 2.4.240
	Default catalog/schema: TESTDB/PUBLIC
	Autocommit mode: undefined/unknown
	Isolation level: READ_COMMITTED [default READ_COMMITTED]
	JDBC fetch size: 100
	Pool: DataSourceConnectionProvider
	Minimum pool size: undefined/unknown
	Maximum pool size: undefined/unknown
2026-03-09T01:34:48.388+01:00  INFO 8712 --- [    Test worker] org.hibernate.orm.core                   : HHH000489: No JTA platform available (set 'hibernate.transaction.jta.platform' to enable JTA platform integration)
Hibernate: create table game_map (id bigint generated by default as identity, name varchar(255), primary key (id))
Hibernate: create table match (id bigint generated by default as identity, map_id bigint, teama_id bigint, teamb_id bigint, primary key (id))
Hibernate: create table player (id bigint generated by default as identity, nickname varchar(255), team_id bigint, primary key (id))
Hibernate: create table stats (id bigint generated by default as identity, assists integer not null, deaths integer not null, kills integer not null, player_id bigint, primary key (id))
Hibernate: create table team (id bigint generated by default as identity, name varchar(255), primary key (id))
Hibernate: alter table if exists match add constraint FKaev1qb2wgqvrjiy4yxshvv8q foreign key (map_id) references game_map
Hibernate: alter table if exists match add constraint FKp5n47uxhr4rsc5gqgopjmu7kv foreign key (teama_id) references team
Hibernate: alter table if exists match add constraint FKjhy1s72t63k5y07mebp00n4o1 foreign key (teamb_id) references team
Hibernate: alter table if exists player add constraint FKdvd6ljes11r44igawmpm1mc5s foreign key (team_id) references team
Hibernate: alter table if exists stats add constraint FK3gvi9bnjl47kfojamimiqc30w foreign key (player_id) references player
2026-03-09T01:34:48.436+01:00  INFO 8712 --- [    Test worker] j.LocalContainerEntityManagerFactoryBean : Initialized JPA EntityManagerFactory for persistence unit 'default'
2026-03-09T01:34:48.508+01:00  INFO 8712 --- [    Test worker] o.s.d.j.r.query.QueryEnhancerFactories   : Hibernate is in classpath; If applicable, HQL parser will be used.
2026-03-09T01:34:48.817+01:00  WARN 8712 --- [    Test worker] JpaBaseConfiguration$JpaWebConfiguration : spring.jpa.open-in-view is enabled by default. Therefore, database queries may be performed during view rendering. Explicitly configure spring.jpa.open-in-view to disable this warning
2026-03-09T01:34:48.856+01:00  INFO 8712 --- [    Test worker] o.s.v.b.OptionalValidatorFactoryBean     : Failed to set up a Bean Validation provider: jakarta.validation.NoProviderFoundException: Unable to create a Configuration, because no Jakarta Validation provider could be found. Add a provider like Hibernate Validator (RI) to your classpath.
2026-03-09T01:34:49.257+01:00  INFO 8712 --- [    Test worker] o.s.b.h.a.H2ConsoleAutoConfiguration     : H2 console available at '/h2-console'. Database available at 'jdbc:h2:mem:testdb'
2026-03-09T01:34:49.347+01:00  INFO 8712 --- [    Test worker] com.example.demo.DemoApplicationTests    : Started DemoApplicationTests in 3.866 seconds (process running for 5.015)
]]></system-out>
  <system-err><![CDATA[Mockito is currently self-attaching to enable the inline-mock-maker. This will no longer work in future releases of the JDK. Please add Mockito as an agent to your build as described in Mockito's documentation: https://javadoc.io/doc/org.mockito/mockito-core/latest/org.mockito/org/mockito/Mockito.html#0.3
WARNING: A Java agent has been loaded dynamically (C:\Users\Admin\.gradle\caches\modules-2\files-2.1\net.bytebuddy\byte-buddy-agent\1.17.8\f09415827a71be7ed621c7bd02550678f28bc81c\byte-buddy-agent-1.17.8.jar)
WARNING: If a serviceability tool is in use, please run with -XX:+EnableDynamicAgentLoading to hide this warning
WARNING: If a serviceability tool is not in use, please run with -Djdk.instrument.traceUsage for more information
WARNING: Dynamic loading of agents will be disallowed by default in a future release
]]></system-err>
</testsuite>
